[0.009s] Invoking command in '/home/donhung19/Documents/Study/ROS2/TurtleSim_Project/build/my_turtle': CMAKE_PREFIX_PATH=${CMAKE_PREFIX_PATH}:/home/donhung19/Documents/Study/ROS2/ROS2_ws_v2/install/pkg_py:/opt/ros/jazzy DEBUGINFOD_URLS=https://debuginfod.ubuntu.com /usr/bin/cmake --build /home/donhung19/Documents/Study/ROS2/TurtleSim_Project/build/my_turtle -- -j12 -l12
[0.037s] -- Found ament_cmake: 2.5.4 (/opt/ros/jazzy/share/ament_cmake/cmake)
[0.247s] -- Found rclcpp: 28.1.9 (/opt/ros/jazzy/share/rclcpp/cmake)
[0.271s] -- Found rosidl_generator_c: 4.6.5 (/opt/ros/jazzy/share/rosidl_generator_c/cmake)
[0.276s] -- Found rosidl_generator_cpp: 4.6.5 (/opt/ros/jazzy/share/rosidl_generator_cpp/cmake)
[0.285s] -- Using all available rosidl_typesupport_c: rosidl_typesupport_fastrtps_c;rosidl_typesupport_introspection_c
[0.294s] -- Using all available rosidl_typesupport_cpp: rosidl_typesupport_fastrtps_cpp;rosidl_typesupport_introspection_cpp
[0.338s] -- Found rmw_implementation_cmake: 7.3.2 (/opt/ros/jazzy/share/rmw_implementation_cmake/cmake)
[0.339s] -- Found rmw_fastrtps_cpp: 8.4.2 (/opt/ros/jazzy/share/rmw_fastrtps_cpp/cmake)
[0.410s] -- Using RMW implementation 'rmw_fastrtps_cpp' as default
[0.469s] -- Found std_msgs: 5.3.6 (/opt/ros/jazzy/share/std_msgs/cmake)
[0.480s] -- Found turtlesim: 1.8.3 (/opt/ros/jazzy/share/turtlesim/cmake)
[0.519s] -- Found geometry_msgs: 5.3.6 (/opt/ros/jazzy/share/geometry_msgs/cmake)
[0.614s] -- Configuring done (0.6s)
[0.636s] -- Generating done (0.0s)
[0.642s] -- Build files have been written to: /home/donhung19/Documents/Study/ROS2/TurtleSim_Project/build/my_turtle
[0.694s] [ 50%] Built target turtle_spawner
[0.701s] [ 75%] [32mBuilding CXX object CMakeFiles/turtle_controller.dir/src/turtle_controller.cpp.o[0m
[8.737s] [100%] [32m[1mLinking CXX executable turtle_controller[0m
[9.159s] [100%] Built target turtle_controller
[9.175s] Invoked command in '/home/donhung19/Documents/Study/ROS2/TurtleSim_Project/build/my_turtle' returned '0': CMAKE_PREFIX_PATH=${CMAKE_PREFIX_PATH}:/home/donhung19/Documents/Study/ROS2/ROS2_ws_v2/install/pkg_py:/opt/ros/jazzy DEBUGINFOD_URLS=https://debuginfod.ubuntu.com /usr/bin/cmake --build /home/donhung19/Documents/Study/ROS2/TurtleSim_Project/build/my_turtle -- -j12 -l12
[9.186s] Invoking command in '/home/donhung19/Documents/Study/ROS2/TurtleSim_Project/build/my_turtle': CMAKE_PREFIX_PATH=${CMAKE_PREFIX_PATH}:/home/donhung19/Documents/Study/ROS2/ROS2_ws_v2/install/pkg_py:/opt/ros/jazzy DEBUGINFOD_URLS=https://debuginfod.ubuntu.com /usr/bin/cmake --install /home/donhung19/Documents/Study/ROS2/TurtleSim_Project/build/my_turtle
[9.198s] -- Install configuration: ""
[9.198s] -- Up-to-date: /home/donhung19/Documents/Study/ROS2/TurtleSim_Project/install/my_turtle/lib/my_turtle/turtle_spawner
[9.198s] -- Installing: /home/donhung19/Documents/Study/ROS2/TurtleSim_Project/install/my_turtle/lib/my_turtle/turtle_controller
[9.204s] -- Set non-toolchain portion of runtime path of "/home/donhung19/Documents/Study/ROS2/TurtleSim_Project/install/my_turtle/lib/my_turtle/turtle_controller" to ""
[9.204s] -- Installing: /home/donhung19/Documents/Study/ROS2/TurtleSim_Project/install/my_turtle/share/my_turtle/launch
[9.204s] -- Installing: /home/donhung19/Documents/Study/ROS2/TurtleSim_Project/install/my_turtle/share/my_turtle/launch/my_turtle.launch.xml
[9.204s] -- Up-to-date: /home/donhung19/Documents/Study/ROS2/TurtleSim_Project/install/my_turtle/share/ament_index/resource_index/package_run_dependencies/my_turtle
[9.204s] -- Up-to-date: /home/donhung19/Documents/Study/ROS2/TurtleSim_Project/install/my_turtle/share/ament_index/resource_index/parent_prefix_path/my_turtle
[9.204s] -- Up-to-date: /home/donhung19/Documents/Study/ROS2/TurtleSim_Project/install/my_turtle/share/my_turtle/environment/ament_prefix_path.sh
[9.205s] -- Up-to-date: /home/donhung19/Documents/Study/ROS2/TurtleSim_Project/install/my_turtle/share/my_turtle/environment/ament_prefix_path.dsv
[9.205s] -- Up-to-date: /home/donhung19/Documents/Study/ROS2/TurtleSim_Project/install/my_turtle/share/my_turtle/environment/path.sh
[9.205s] -- Up-to-date: /home/donhung19/Documents/Study/ROS2/TurtleSim_Project/install/my_turtle/share/my_turtle/environment/path.dsv
[9.205s] -- Up-to-date: /home/donhung19/Documents/Study/ROS2/TurtleSim_Project/install/my_turtle/share/my_turtle/local_setup.bash
[9.205s] -- Up-to-date: /home/donhung19/Documents/Study/ROS2/TurtleSim_Project/install/my_turtle/share/my_turtle/local_setup.sh
[9.205s] -- Up-to-date: /home/donhung19/Documents/Study/ROS2/TurtleSim_Project/install/my_turtle/share/my_turtle/local_setup.zsh
[9.205s] -- Up-to-date: /home/donhung19/Documents/Study/ROS2/TurtleSim_Project/install/my_turtle/share/my_turtle/local_setup.dsv
[9.205s] -- Installing: /home/donhung19/Documents/Study/ROS2/TurtleSim_Project/install/my_turtle/share/my_turtle/package.dsv
[9.205s] -- Up-to-date: /home/donhung19/Documents/Study/ROS2/TurtleSim_Project/install/my_turtle/share/ament_index/resource_index/packages/my_turtle
[9.205s] -- Up-to-date: /home/donhung19/Documents/Study/ROS2/TurtleSim_Project/install/my_turtle/share/my_turtle/cmake/my_turtleConfig.cmake
[9.205s] -- Up-to-date: /home/donhung19/Documents/Study/ROS2/TurtleSim_Project/install/my_turtle/share/my_turtle/cmake/my_turtleConfig-version.cmake
[9.205s] -- Up-to-date: /home/donhung19/Documents/Study/ROS2/TurtleSim_Project/install/my_turtle/share/my_turtle/package.xml
[9.209s] Invoked command in '/home/donhung19/Documents/Study/ROS2/TurtleSim_Project/build/my_turtle' returned '0': CMAKE_PREFIX_PATH=${CMAKE_PREFIX_PATH}:/home/donhung19/Documents/Study/ROS2/ROS2_ws_v2/install/pkg_py:/opt/ros/jazzy DEBUGINFOD_URLS=https://debuginfod.ubuntu.com /usr/bin/cmake --install /home/donhung19/Documents/Study/ROS2/TurtleSim_Project/build/my_turtle
