-- The C compiler identification is GNU 13.3.0
-- The CXX compiler identification is GNU 13.3.0
-- Detecting C compiler ABI info
-- Detecting C compiler ABI info - done
-- Check for working C compiler: /usr/bin/cc - skipped
-- Detecting C compile features
-- Detecting C compile features - done
-- Detecting CXX compiler ABI info
-- Detecting CXX compiler ABI info - done
-- Check for working CXX compiler: /usr/bin/c++ - skipped
-- Detecting CXX compile features
-- Detecting CXX compile features - done
-- Found ament_cmake: 2.5.4 (/opt/ros/jazzy/share/ament_cmake/cmake)
-- Found Python3: /usr/bin/python3 (found version "3.12.3") found components: Interpreter 
-- Found rclcpp: 28.1.9 (/opt/ros/jazzy/share/rclcpp/cmake)
-- Found rosidl_generator_c: 4.6.5 (/opt/ros/jazzy/share/rosidl_generator_c/cmake)
-- Found rosidl_generator_cpp: 4.6.5 (/opt/ros/jazzy/share/rosidl_generator_cpp/cmake)
-- Using all available rosidl_typesupport_c: rosidl_typesupport_fastrtps_c;rosidl_typesupport_introspection_c
-- Using all available rosidl_typesupport_cpp: rosidl_typesupport_fastrtps_cpp;rosidl_typesupport_introspection_cpp
-- Found rmw_implementation_cmake: 7.3.2 (/opt/ros/jazzy/share/rmw_implementation_cmake/cmake)
-- Found rmw_fastrtps_cpp: 8.4.2 (/opt/ros/jazzy/share/rmw_fastrtps_cpp/cmake)
-- Found OpenSSL: /usr/lib/x86_64-linux-gnu/libcrypto.so (found version "3.0.13")  
-- Found FastRTPS: /opt/ros/jazzy/include (Required is at least version "2.13") 
-- Using RMW implementation 'rmw_fastrtps_cpp' as default
-- Found std_msgs: 5.3.6 (/opt/ros/jazzy/share/std_msgs/cmake)
-- Found turtlesim: 1.8.3 (/opt/ros/jazzy/share/turtlesim/cmake)
-- Configuring done (1.0s)
-- Generating done (0.0s)
-- Build files have been written to: /home/donhung19/Documents/Study/ROS2/TurtleSim_Project/build/my_turtle
[ 50%] [32mBuilding CXX object CMakeFiles/turtle_spawner.dir/src/turtle_spawner.cpp.o[0m
[100%] [32m[1mLinking CXX executable turtle_spawner[0m
[100%] Built target turtle_spawner
-- Install configuration: ""
-- Installing: /home/donhung19/Documents/Study/ROS2/TurtleSim_Project/install/my_turtle/lib/my_turtle/turtle_spawner
-- Set non-toolchain portion of runtime path of "/home/donhung19/Documents/Study/ROS2/TurtleSim_Project/install/my_turtle/lib/my_turtle/turtle_spawner" to ""
-- Installing: /home/donhung19/Documents/Study/ROS2/TurtleSim_Project/install/my_turtle/share/ament_index/resource_index/package_run_dependencies/my_turtle
-- Installing: /home/donhung19/Documents/Study/ROS2/TurtleSim_Project/install/my_turtle/share/ament_index/resource_index/parent_prefix_path/my_turtle
-- Installing: /home/donhung19/Documents/Study/ROS2/TurtleSim_Project/install/my_turtle/share/my_turtle/environment/ament_prefix_path.sh
-- Installing: /home/donhung19/Documents/Study/ROS2/TurtleSim_Project/install/my_turtle/share/my_turtle/environment/ament_prefix_path.dsv
-- Installing: /home/donhung19/Documents/Study/ROS2/TurtleSim_Project/install/my_turtle/share/my_turtle/environment/path.sh
-- Installing: /home/donhung19/Documents/Study/ROS2/TurtleSim_Project/install/my_turtle/share/my_turtle/environment/path.dsv
-- Installing: /home/donhung19/Documents/Study/ROS2/TurtleSim_Project/install/my_turtle/share/my_turtle/local_setup.bash
-- Installing: /home/donhung19/Documents/Study/ROS2/TurtleSim_Project/install/my_turtle/share/my_turtle/local_setup.sh
-- Installing: /home/donhung19/Documents/Study/ROS2/TurtleSim_Project/install/my_turtle/share/my_turtle/local_setup.zsh
-- Installing: /home/donhung19/Documents/Study/ROS2/TurtleSim_Project/install/my_turtle/share/my_turtle/local_setup.dsv
-- Installing: /home/donhung19/Documents/Study/ROS2/TurtleSim_Project/install/my_turtle/share/my_turtle/package.dsv
-- Installing: /home/donhung19/Documents/Study/ROS2/TurtleSim_Project/install/my_turtle/share/ament_index/resource_index/packages/my_turtle
-- Installing: /home/donhung19/Documents/Study/ROS2/TurtleSim_Project/install/my_turtle/share/my_turtle/cmake/my_turtleConfig.cmake
-- Installing: /home/donhung19/Documents/Study/ROS2/TurtleSim_Project/install/my_turtle/share/my_turtle/cmake/my_turtleConfig-version.cmake
-- Installing: /home/donhung19/Documents/Study/ROS2/TurtleSim_Project/install/my_turtle/share/my_turtle/package.xml
