[0.008s] Invoking command in '/home/donhung19/Documents/Study/ROS2/TurtleSim_Project/build/my_turtle': CMAKE_PREFIX_PATH=${CMAKE_PREFIX_PATH}:/home/donhung19/Documents/Study/ROS2/ROS2_ws_v2/install/pkg_py:/opt/ros/jazzy DEBUGINFOD_URLS=https://debuginfod.ubuntu.com /usr/bin/cmake /home/donhung19/Documents/Study/ROS2/TurtleSim_Project/src/my_turtle -DCMAKE_INSTALL_PREFIX=/home/donhung19/Documents/Study/ROS2/TurtleSim_Project/install/my_turtle
[0.064s] -- The C compiler identification is GNU 13.3.0
[0.111s] -- The CXX compiler identification is GNU 13.3.0
[0.127s] -- Detecting C compiler ABI info
[0.251s] -- Detecting C compiler ABI info - done
[0.257s] -- Check for working C compiler: /usr/bin/cc - skipped
[0.257s] -- Detecting C compile features
[0.258s] -- Detecting C compile features - done
[0.266s] -- Detecting CXX compiler ABI info
[0.353s] -- Detecting CXX compiler ABI info - done
[0.359s] -- Check for working CXX compiler: /usr/bin/c++ - skipped
[0.360s] -- Detecting CXX compile features
[0.360s] -- Detecting CXX compile features - done
[0.362s] -- Found ament_cmake: 2.5.4 (/opt/ros/jazzy/share/ament_cmake/cmake)
[0.484s] -- Found Python3: /usr/bin/python3 (found version "3.12.3") found components: Interpreter 
[0.570s] -- Found rclcpp: 28.1.9 (/opt/ros/jazzy/share/rclcpp/cmake)
[0.600s] -- Found rosidl_generator_c: 4.6.5 (/opt/ros/jazzy/share/rosidl_generator_c/cmake)
[0.609s] -- Found rosidl_generator_cpp: 4.6.5 (/opt/ros/jazzy/share/rosidl_generator_cpp/cmake)
[0.620s] -- Using all available rosidl_typesupport_c: rosidl_typesupport_fastrtps_c;rosidl_typesupport_introspection_c
[0.632s] -- Using all available rosidl_typesupport_cpp: rosidl_typesupport_fastrtps_cpp;rosidl_typesupport_introspection_cpp
[0.684s] -- Found rmw_implementation_cmake: 7.3.2 (/opt/ros/jazzy/share/rmw_implementation_cmake/cmake)
[0.686s] -- Found rmw_fastrtps_cpp: 8.4.2 (/opt/ros/jazzy/share/rmw_fastrtps_cpp/cmake)
[0.768s] -- Found OpenSSL: /usr/lib/x86_64-linux-gnu/libcrypto.so (found version "3.0.13")  
[0.784s] -- Found FastRTPS: /opt/ros/jazzy/include (Required is at least version "2.13") 
[0.804s] -- Using RMW implementation 'rmw_fastrtps_cpp' as default
[0.857s] -- Found std_msgs: 5.3.6 (/opt/ros/jazzy/share/std_msgs/cmake)
[0.868s] -- Found turtlesim: 1.8.3 (/opt/ros/jazzy/share/turtlesim/cmake)
[0.984s] -- Configuring done (1.0s)
[0.991s] -- Generating done (0.0s)
[0.995s] -- Build files have been written to: /home/donhung19/Documents/Study/ROS2/TurtleSim_Project/build/my_turtle
[1.006s] Invoked command in '/home/donhung19/Documents/Study/ROS2/TurtleSim_Project/build/my_turtle' returned '0': CMAKE_PREFIX_PATH=${CMAKE_PREFIX_PATH}:/home/donhung19/Documents/Study/ROS2/ROS2_ws_v2/install/pkg_py:/opt/ros/jazzy DEBUGINFOD_URLS=https://debuginfod.ubuntu.com /usr/bin/cmake /home/donhung19/Documents/Study/ROS2/TurtleSim_Project/src/my_turtle -DCMAKE_INSTALL_PREFIX=/home/donhung19/Documents/Study/ROS2/TurtleSim_Project/install/my_turtle
[1.007s] Invoking command in '/home/donhung19/Documents/Study/ROS2/TurtleSim_Project/build/my_turtle': CMAKE_PREFIX_PATH=${CMAKE_PREFIX_PATH}:/home/donhung19/Documents/Study/ROS2/ROS2_ws_v2/install/pkg_py:/opt/ros/jazzy DEBUGINFOD_URLS=https://debuginfod.ubuntu.com /usr/bin/cmake --build /home/donhung19/Documents/Study/ROS2/TurtleSim_Project/build/my_turtle -- -j12 -l12
[1.056s] [ 50%] [32mBuilding CXX object CMakeFiles/turtle_spawner.dir/src/turtle_spawner.cpp.o[0m
[3.740s] [100%] [32m[1mLinking CXX executable turtle_spawner[0m
[3.884s] [100%] Built target turtle_spawner
[3.897s] Invoked command in '/home/donhung19/Documents/Study/ROS2/TurtleSim_Project/build/my_turtle' returned '0': CMAKE_PREFIX_PATH=${CMAKE_PREFIX_PATH}:/home/donhung19/Documents/Study/ROS2/ROS2_ws_v2/install/pkg_py:/opt/ros/jazzy DEBUGINFOD_URLS=https://debuginfod.ubuntu.com /usr/bin/cmake --build /home/donhung19/Documents/Study/ROS2/TurtleSim_Project/build/my_turtle -- -j12 -l12
[3.907s] Invoking command in '/home/donhung19/Documents/Study/ROS2/TurtleSim_Project/build/my_turtle': CMAKE_PREFIX_PATH=${CMAKE_PREFIX_PATH}:/home/donhung19/Documents/Study/ROS2/ROS2_ws_v2/install/pkg_py:/opt/ros/jazzy DEBUGINFOD_URLS=https://debuginfod.ubuntu.com /usr/bin/cmake --install /home/donhung19/Documents/Study/ROS2/TurtleSim_Project/build/my_turtle
[3.916s] -- Install configuration: ""
[3.916s] -- Installing: /home/donhung19/Documents/Study/ROS2/TurtleSim_Project/install/my_turtle/lib/my_turtle/turtle_spawner
[3.917s] -- Set non-toolchain portion of runtime path of "/home/donhung19/Documents/Study/ROS2/TurtleSim_Project/install/my_turtle/lib/my_turtle/turtle_spawner" to ""
[3.917s] -- Installing: /home/donhung19/Documents/Study/ROS2/TurtleSim_Project/install/my_turtle/share/ament_index/resource_index/package_run_dependencies/my_turtle
[3.917s] -- Installing: /home/donhung19/Documents/Study/ROS2/TurtleSim_Project/install/my_turtle/share/ament_index/resource_index/parent_prefix_path/my_turtle
[3.918s] -- Installing: /home/donhung19/Documents/Study/ROS2/TurtleSim_Project/install/my_turtle/share/my_turtle/environment/ament_prefix_path.sh
[3.918s] -- Installing: /home/donhung19/Documents/Study/ROS2/TurtleSim_Project/install/my_turtle/share/my_turtle/environment/ament_prefix_path.dsv
[3.918s] -- Installing: /home/donhung19/Documents/Study/ROS2/TurtleSim_Project/install/my_turtle/share/my_turtle/environment/path.sh
[3.918s] -- Installing: /home/donhung19/Documents/Study/ROS2/TurtleSim_Project/install/my_turtle/share/my_turtle/environment/path.dsv
[3.918s] -- Installing: /home/donhung19/Documents/Study/ROS2/TurtleSim_Project/install/my_turtle/share/my_turtle/local_setup.bash
[3.918s] -- Installing: /home/donhung19/Documents/Study/ROS2/TurtleSim_Project/install/my_turtle/share/my_turtle/local_setup.sh
[3.918s] -- Installing: /home/donhung19/Documents/Study/ROS2/TurtleSim_Project/install/my_turtle/share/my_turtle/local_setup.zsh
[3.919s] -- Installing: /home/donhung19/Documents/Study/ROS2/TurtleSim_Project/install/my_turtle/share/my_turtle/local_setup.dsv
[3.919s] -- Installing: /home/donhung19/Documents/Study/ROS2/TurtleSim_Project/install/my_turtle/share/my_turtle/package.dsv
[3.919s] -- Installing: /home/donhung19/Documents/Study/ROS2/TurtleSim_Project/install/my_turtle/share/ament_index/resource_index/packages/my_turtle
[3.919s] -- Installing: /home/donhung19/Documents/Study/ROS2/TurtleSim_Project/install/my_turtle/share/my_turtle/cmake/my_turtleConfig.cmake
[3.919s] -- Installing: /home/donhung19/Documents/Study/ROS2/TurtleSim_Project/install/my_turtle/share/my_turtle/cmake/my_turtleConfig-version.cmake
[3.919s] -- Installing: /home/donhung19/Documents/Study/ROS2/TurtleSim_Project/install/my_turtle/share/my_turtle/package.xml
[3.921s] Invoked command in '/home/donhung19/Documents/Study/ROS2/TurtleSim_Project/build/my_turtle' returned '0': CMAKE_PREFIX_PATH=${CMAKE_PREFIX_PATH}:/home/donhung19/Documents/Study/ROS2/ROS2_ws_v2/install/pkg_py:/opt/ros/jazzy DEBUGINFOD_URLS=https://debuginfod.ubuntu.com /usr/bin/cmake --install /home/donhung19/Documents/Study/ROS2/TurtleSim_Project/build/my_turtle
