[0.008s] Invoking command in '/home/donhung19/Documents/Study/ROS2/TurtleSim_Project/build/my_turtle': CMAKE_PREFIX_PATH=${CMAKE_PREFIX_PATH}:/home/donhung19/Documents/Study/ROS2/ROS2_ws_v2/install/pkg_py:/opt/ros/jazzy DEBUGINFOD_URLS=https://debuginfod.ubuntu.com /usr/bin/cmake --build /home/donhung19/Documents/Study/ROS2/TurtleSim_Project/build/my_turtle -- -j12 -l12
[0.069s] [ 50%] [32mBuilding CXX object CMakeFiles/turtle_spawner.dir/src/turtle_spawner.cpp.o[0m
[3.682s] [100%] [32m[1mLinking CXX executable turtle_spawner[0m
[3.834s] [100%] Built target turtle_spawner
[3.841s] Invoked command in '/home/donhung19/Documents/Study/ROS2/TurtleSim_Project/build/my_turtle' returned '0': CMAKE_PREFIX_PATH=${CMAKE_PREFIX_PATH}:/home/donhung19/Documents/Study/ROS2/ROS2_ws_v2/install/pkg_py:/opt/ros/jazzy DEBUGINFOD_URLS=https://debuginfod.ubuntu.com /usr/bin/cmake --build /home/donhung19/Documents/Study/ROS2/TurtleSim_Project/build/my_turtle -- -j12 -l12
[3.850s] Invoking command in '/home/donhung19/Documents/Study/ROS2/TurtleSim_Project/build/my_turtle': CMAKE_PREFIX_PATH=${CMAKE_PREFIX_PATH}:/home/donhung19/Documents/Study/ROS2/ROS2_ws_v2/install/pkg_py:/opt/ros/jazzy DEBUGINFOD_URLS=https://debuginfod.ubuntu.com /usr/bin/cmake --install /home/donhung19/Documents/Study/ROS2/TurtleSim_Project/build/my_turtle
[3.857s] -- Install configuration: ""
[3.857s] -- Installing: /home/donhung19/Documents/Study/ROS2/TurtleSim_Project/install/my_turtle/lib/my_turtle/turtle_spawner
[3.859s] -- Set non-toolchain portion of runtime path of "/home/donhung19/Documents/Study/ROS2/TurtleSim_Project/install/my_turtle/lib/my_turtle/turtle_spawner" to ""
[3.859s] -- Up-to-date: /home/donhung19/Documents/Study/ROS2/TurtleSim_Project/install/my_turtle/share/ament_index/resource_index/package_run_dependencies/my_turtle
[3.859s] -- Up-to-date: /home/donhung19/Documents/Study/ROS2/TurtleSim_Project/install/my_turtle/share/ament_index/resource_index/parent_prefix_path/my_turtle
[3.859s] -- Up-to-date: /home/donhung19/Documents/Study/ROS2/TurtleSim_Project/install/my_turtle/share/my_turtle/environment/ament_prefix_path.sh
[3.859s] -- Up-to-date: /home/donhung19/Documents/Study/ROS2/TurtleSim_Project/install/my_turtle/share/my_turtle/environment/ament_prefix_path.dsv
[3.859s] -- Up-to-date: /home/donhung19/Documents/Study/ROS2/TurtleSim_Project/install/my_turtle/share/my_turtle/environment/path.sh
[3.859s] -- Up-to-date: /home/donhung19/Documents/Study/ROS2/TurtleSim_Project/install/my_turtle/share/my_turtle/environment/path.dsv
[3.859s] -- Up-to-date: /home/donhung19/Documents/Study/ROS2/TurtleSim_Project/install/my_turtle/share/my_turtle/local_setup.bash
[3.859s] -- Up-to-date: /home/donhung19/Documents/Study/ROS2/TurtleSim_Project/install/my_turtle/share/my_turtle/local_setup.sh
[3.859s] -- Up-to-date: /home/donhung19/Documents/Study/ROS2/TurtleSim_Project/install/my_turtle/share/my_turtle/local_setup.zsh
[3.859s] -- Up-to-date: /home/donhung19/Documents/Study/ROS2/TurtleSim_Project/install/my_turtle/share/my_turtle/local_setup.dsv
[3.859s] -- Installing: /home/donhung19/Documents/Study/ROS2/TurtleSim_Project/install/my_turtle/share/my_turtle/package.dsv
[3.859s] -- Up-to-date: /home/donhung19/Documents/Study/ROS2/TurtleSim_Project/install/my_turtle/share/ament_index/resource_index/packages/my_turtle
[3.859s] -- Up-to-date: /home/donhung19/Documents/Study/ROS2/TurtleSim_Project/install/my_turtle/share/my_turtle/cmake/my_turtleConfig.cmake
[3.859s] -- Up-to-date: /home/donhung19/Documents/Study/ROS2/TurtleSim_Project/install/my_turtle/share/my_turtle/cmake/my_turtleConfig-version.cmake
[3.859s] -- Up-to-date: /home/donhung19/Documents/Study/ROS2/TurtleSim_Project/install/my_turtle/share/my_turtle/package.xml
[3.861s] Invoked command in '/home/donhung19/Documents/Study/ROS2/TurtleSim_Project/build/my_turtle' returned '0': CMAKE_PREFIX_PATH=${CMAKE_PREFIX_PATH}:/home/donhung19/Documents/Study/ROS2/ROS2_ws_v2/install/pkg_py:/opt/ros/jazzy DEBUGINFOD_URLS=https://debuginfod.ubuntu.com /usr/bin/cmake --install /home/donhung19/Documents/Study/ROS2/TurtleSim_Project/build/my_turtle
