[0.011s] Invoking command in '/home/donhung19/Documents/Study/ROS2/TurtleSim_Project/build/my_turtle': CMAKE_PREFIX_PATH=${CMAKE_PREFIX_PATH}:/home/donhung19/Documents/Study/ROS2/ROS2_ws_v2/install/pkg_py:/opt/ros/jazzy DEBUGINFOD_URLS=https://debuginfod.ubuntu.com /usr/bin/cmake --build /home/donhung19/Documents/Study/ROS2/TurtleSim_Project/build/my_turtle -- -j12 -l12
[0.069s] [ 50%] Built target turtle_spawner
[0.076s] [100%] Built target turtle_controller
[0.085s] Invoked command in '/home/donhung19/Documents/Study/ROS2/TurtleSim_Project/build/my_turtle' returned '0': CMAKE_PREFIX_PATH=${CMAKE_PREFIX_PATH}:/home/donhung19/Documents/Study/ROS2/ROS2_ws_v2/install/pkg_py:/opt/ros/jazzy DEBUGINFOD_URLS=https://debuginfod.ubuntu.com /usr/bin/cmake --build /home/donhung19/Documents/Study/ROS2/TurtleSim_Project/build/my_turtle -- -j12 -l12
[0.096s] Invoking command in '/home/donhung19/Documents/Study/ROS2/TurtleSim_Project/build/my_turtle': CMAKE_PREFIX_PATH=${CMAKE_PREFIX_PATH}:/home/donhung19/Documents/Study/ROS2/ROS2_ws_v2/install/pkg_py:/opt/ros/jazzy DEBUGINFOD_URLS=https://debuginfod.ubuntu.com /usr/bin/cmake --install /home/donhung19/Documents/Study/ROS2/TurtleSim_Project/build/my_turtle
[0.102s] -- Install configuration: ""
[0.102s] -- Up-to-date: /home/donhung19/Documents/Study/ROS2/TurtleSim_Project/install/my_turtle/lib/my_turtle/turtle_spawner
[0.102s] -- Up-to-date: /home/donhung19/Documents/Study/ROS2/TurtleSim_Project/install/my_turtle/lib/my_turtle/turtle_controller
[0.103s] -- Up-to-date: /home/donhung19/Documents/Study/ROS2/TurtleSim_Project/install/my_turtle/share/my_turtle/launch
[0.103s] -- Installing: /home/donhung19/Documents/Study/ROS2/TurtleSim_Project/install/my_turtle/share/my_turtle/launch/my_turtle.launch.xml
[0.103s] -- Up-to-date: /home/donhung19/Documents/Study/ROS2/TurtleSim_Project/install/my_turtle/share/ament_index/resource_index/package_run_dependencies/my_turtle
[0.103s] -- Up-to-date: /home/donhung19/Documents/Study/ROS2/TurtleSim_Project/install/my_turtle/share/ament_index/resource_index/parent_prefix_path/my_turtle
[0.103s] -- Up-to-date: /home/donhung19/Documents/Study/ROS2/TurtleSim_Project/install/my_turtle/share/my_turtle/environment/ament_prefix_path.sh
[0.103s] -- Up-to-date: /home/donhung19/Documents/Study/ROS2/TurtleSim_Project/install/my_turtle/share/my_turtle/environment/ament_prefix_path.dsv
[0.103s] -- Up-to-date: /home/donhung19/Documents/Study/ROS2/TurtleSim_Project/install/my_turtle/share/my_turtle/environment/path.sh
[0.104s] -- Up-to-date: /home/donhung19/Documents/Study/ROS2/TurtleSim_Project/install/my_turtle/share/my_turtle/environment/path.dsv
[0.104s] -- Up-to-date: /home/donhung19/Documents/Study/ROS2/TurtleSim_Project/install/my_turtle/share/my_turtle/local_setup.bash
[0.104s] -- Up-to-date: /home/donhung19/Documents/Study/ROS2/TurtleSim_Project/install/my_turtle/share/my_turtle/local_setup.sh
[0.104s] -- Up-to-date: /home/donhung19/Documents/Study/ROS2/TurtleSim_Project/install/my_turtle/share/my_turtle/local_setup.zsh
[0.104s] -- Up-to-date: /home/donhung19/Documents/Study/ROS2/TurtleSim_Project/install/my_turtle/share/my_turtle/local_setup.dsv
[0.105s] -- Installing: /home/donhung19/Documents/Study/ROS2/TurtleSim_Project/install/my_turtle/share/my_turtle/package.dsv
[0.105s] -- Up-to-date: /home/donhung19/Documents/Study/ROS2/TurtleSim_Project/install/my_turtle/share/ament_index/resource_index/packages/my_turtle
[0.105s] -- Up-to-date: /home/donhung19/Documents/Study/ROS2/TurtleSim_Project/install/my_turtle/share/my_turtle/cmake/my_turtleConfig.cmake
[0.106s] -- Up-to-date: /home/donhung19/Documents/Study/ROS2/TurtleSim_Project/install/my_turtle/share/my_turtle/cmake/my_turtleConfig-version.cmake
[0.106s] -- Up-to-date: /home/donhung19/Documents/Study/ROS2/TurtleSim_Project/install/my_turtle/share/my_turtle/package.xml
[0.107s] Invoked command in '/home/donhung19/Documents/Study/ROS2/TurtleSim_Project/build/my_turtle' returned '0': CMAKE_PREFIX_PATH=${CMAKE_PREFIX_PATH}:/home/donhung19/Documents/Study/ROS2/ROS2_ws_v2/install/pkg_py:/opt/ros/jazzy DEBUGINFOD_URLS=https://debuginfod.ubuntu.com /usr/bin/cmake --install /home/donhung19/Documents/Study/ROS2/TurtleSim_Project/build/my_turtle
