[01m[K/home/donhung19/Documents/Study/ROS2/TurtleSim_Project/src/my_turtle/src/turtle_controller.cpp:95:8:[m[K [01;31m[Kerror: [m[Kredefinition of ‘[01m[Kstruct TurtlePosition[m[K’
   95 | struct [01;31m[KTurtlePosition[m[K
      |        [01;31m[K^~~~~~~~~~~~~~[m[K
[01m[K/home/donhung19/Documents/Study/ROS2/TurtleSim_Project/src/my_turtle/src/turtle_controller.cpp:14:8:[m[K [01;36m[Knote: [m[Kprevious definition of ‘[01m[Kstruct TurtlePosition[m[K’
   14 | struct [01;36m[KTurtlePosition[m[K
      |        [01;36m[K^~~~~~~~~~~~~~[m[K
[01m[K/home/donhung19/Documents/Study/ROS2/TurtleSim_Project/src/my_turtle/src/turtle_controller.cpp:103:7:[m[K [01;31m[Kerror: [m[Kredefinition of ‘[01m[Kclass TurtleController[m[K’
  103 | class [01;31m[KTurtleController[m[K : public rclcpp::Node
      |       [01;31m[K^~~~~~~~~~~~~~~~[m[K
[01m[K/home/donhung19/Documents/Study/ROS2/TurtleSim_Project/src/my_turtle/src/turtle_controller.cpp:22:7:[m[K [01;36m[Knote: [m[Kprevious definition of ‘[01m[Kclass TurtleController[m[K’
   22 | class [01;36m[KTurtleController[m[K : public rclcpp::Node
      |       [01;36m[K^~~~~~~~~~~~~~~~[m[K
[01m[K/home/donhung19/Documents/Study/ROS2/TurtleSim_Project/src/my_turtle/src/turtle_controller.cpp:123:1:[m[K [01;31m[Kerror: [m[Kredefinition of ‘[01m[KTurtleController::[01;32m[KTurtleController[m[K()[m[K’
  123 | [01;31m[KTurtleController[m[K::TurtleController() : Node("TurtleController")
      | [01;31m[K^~~~~~~~~~~~~~~~[m[K
[01m[K/home/donhung19/Documents/Study/ROS2/TurtleSim_Project/src/my_turtle/src/turtle_controller.cpp:42:1:[m[K [01;36m[Knote: [m[K‘[01m[KTurtleController::[01;32m[KTurtleController[m[K()[m[K’ previously defined here
   42 | [01;36m[KTurtleController[m[K::TurtleController() : Node("TurtleController")
      | [01;36m[K^~~~~~~~~~~~~~~~[m[K
[01m[K/home/donhung19/Documents/Study/ROS2/TurtleSim_Project/src/my_turtle/src/turtle_controller.cpp:141:6:[m[K [01;31m[Kerror: [m[Kredefinition of ‘[01m[Kvoid TurtleController::[01;32m[Kcurrent_turtle_position[m[K(turtlesim::msg::Pose_<std::allocator<void> >::SharedPtr)[m[K’
  141 | void [01;31m[KTurtleController[m[K::current_turtle_position(const turtlesim::msg::Pose::SharedPtr msg)
      |      [01;31m[K^~~~~~~~~~~~~~~~[m[K
[01m[K/home/donhung19/Documents/Study/ROS2/TurtleSim_Project/src/my_turtle/src/turtle_controller.cpp:60:6:[m[K [01;36m[Knote: [m[K‘[01m[Kvoid TurtleController::[01;32m[Kcurrent_turtle_position[m[K(turtlesim::msg::Pose_<std::allocator<void> >::SharedPtr)[m[K’ previously defined here
   60 | void [01;36m[KTurtleController[m[K::current_turtle_position(const turtlesim::msg::Pose::SharedPtr msg)
      |      [01;36m[K^~~~~~~~~~~~~~~~[m[K
[01m[K/home/donhung19/Documents/Study/ROS2/TurtleSim_Project/src/my_turtle/src/turtle_controller.cpp:147:6:[m[K [01;31m[Kerror: [m[Kredefinition of ‘[01m[Kvoid TurtleController::[01;32m[Knew_turtle_position[m[K(std_msgs::msg::String_<std::allocator<void> >::SharedPtr)[m[K’
  147 | void [01;31m[KTurtleController[m[K::new_turtle_position(const std_msgs::msg::String::SharedPtr msg)
      |      [01;31m[K^~~~~~~~~~~~~~~~[m[K
[01m[K/home/donhung19/Documents/Study/ROS2/TurtleSim_Project/src/my_turtle/src/turtle_controller.cpp:66:6:[m[K [01;36m[Knote: [m[K‘[01m[Kvoid TurtleController::[01;32m[Knew_turtle_position[m[K(std_msgs::msg::String_<std::allocator<void> >::SharedPtr)[m[K’ previously defined here
   66 | void [01;36m[KTurtleController[m[K::new_turtle_position(const std_msgs::msg::String::SharedPtr msg)
      |      [01;36m[K^~~~~~~~~~~~~~~~[m[K
gmake[2]: *** [CMakeFiles/turtle_controller.dir/build.make:76: CMakeFiles/turtle_controller.dir/src/turtle_controller.cpp.o] Error 1
gmake[1]: *** [CMakeFiles/Makefile2:165: CMakeFiles/turtle_controller.dir/all] Error 2
gmake: *** [Makefile:146: all] Error 2
